2020-02-21 13:24:42.018  INFO 9740 --- [restartedMain] c.pp.iteanz.ReminderMailExeApplication   : Starting ReminderMailExeApplication on DESKTOP-QO182SN with PID 9740 (E:\EXE-workSpace\ReminderMailEXE\target\classes started by Iteanz Emp in E:\EXE-workSpace\ReminderMailEXE)
2020-02-21 13:24:42.024  INFO 9740 --- [restartedMain] c.pp.iteanz.ReminderMailExeApplication   : No active profile set, falling back to default profiles: default
2020-02-21 13:24:42.118  INFO 9740 --- [restartedMain] o.s.b.devtools.restart.ChangeableUrls    : The Class-Path manifest attribute in C:\Users\Iteanz Emp\.m2\repository\org\glassfish\jaxb\jaxb-runtime\2.3.2\jaxb-runtime-2.3.2.jar referenced one or more files that do not exist: file:/C:/Users/Iteanz%20Emp/.m2/repository/org/glassfish/jaxb/jaxb-runtime/2.3.2/jakarta.xml.bind-api-2.3.2.jar,file:/C:/Users/Iteanz%20Emp/.m2/repository/org/glassfish/jaxb/jaxb-runtime/2.3.2/txw2-2.3.2.jar,file:/C:/Users/Iteanz%20Emp/.m2/repository/org/glassfish/jaxb/jaxb-runtime/2.3.2/istack-commons-runtime-3.0.8.jar,file:/C:/Users/Iteanz%20Emp/.m2/repository/org/glassfish/jaxb/jaxb-runtime/2.3.2/stax-ex-1.8.1.jar,file:/C:/Users/Iteanz%20Emp/.m2/repository/org/glassfish/jaxb/jaxb-runtime/2.3.2/FastInfoset-1.2.16.jar,file:/C:/Users/Iteanz%20Emp/.m2/repository/org/glassfish/jaxb/jaxb-runtime/2.3.2/jakarta.activation-api-1.2.1.jar
2020-02-21 13:24:42.119  INFO 9740 --- [restartedMain] .e.DevToolsPropertyDefaultsPostProcessor : Devtools property defaults active! Set 'spring.devtools.add-properties' to 'false' to disable
2020-02-21 13:24:43.157  INFO 9740 --- [restartedMain] .s.d.r.c.RepositoryConfigurationDelegate : Bootstrapping Spring Data JPA repositories in DEFAULT mode.
2020-02-21 13:24:43.275  INFO 9740 --- [restartedMain] .s.d.r.c.RepositoryConfigurationDelegate : Finished Spring Data repository scanning in 103ms. Found 1 JPA repository interfaces.
2020-02-21 13:24:44.505  INFO 9740 --- [restartedMain] o.hibernate.jpa.internal.util.LogHelper  : HHH000204: Processing PersistenceUnitInfo [name: default]
2020-02-21 13:24:44.681  INFO 9740 --- [restartedMain] org.hibernate.Version                    : HHH000412: Hibernate Core {5.4.10.Final}
2020-02-21 13:24:45.059  INFO 9740 --- [restartedMain] o.hibernate.annotations.common.Version   : HCANN000001: Hibernate Commons Annotations {5.1.0.Final}
2020-02-21 13:24:45.333  INFO 9740 --- [restartedMain] com.zaxxer.hikari.HikariDataSource       : HikariPool-1 - Starting...
2020-02-21 13:24:45.334  WARN 9740 --- [restartedMain] com.zaxxer.hikari.util.DriverDataSource  : Registered driver with driverClassName=oracle.jdbc.driver.OracleDriver was not found, trying direct instantiation.
2020-02-21 13:24:45.677  INFO 9740 --- [restartedMain] com.zaxxer.hikari.pool.PoolBase          : HikariPool-1 - Driver does not support get/set network timeout for connections. (oracle.jdbc.driver.T4CConnection.getNetworkTimeout()I)
2020-02-21 13:24:45.691  INFO 9740 --- [restartedMain] com.zaxxer.hikari.HikariDataSource       : HikariPool-1 - Start completed.
2020-02-21 13:24:45.802  INFO 9740 --- [restartedMain] org.hibernate.dialect.Dialect            : HHH000400: Using dialect: org.hibernate.dialect.Oracle10gDialect
2020-02-21 13:24:48.411  INFO 9740 --- [restartedMain] o.h.e.t.j.p.i.JtaPlatformInitiator       : HHH000490: Using JtaPlatform implementation: [org.hibernate.engine.transaction.jta.platform.internal.NoJtaPlatform]
2020-02-21 13:24:48.438  INFO 9740 --- [restartedMain] j.LocalContainerEntityManagerFactoryBean : Initialized JPA EntityManagerFactory for persistence unit 'default'
2020-02-21 13:24:48.541  INFO 9740 --- [restartedMain] o.s.b.d.a.OptionalLiveReloadServer       : LiveReload server is running on port 35729
2020-02-21 13:24:48.550  INFO 9740 --- [restartedMain] f.a.AutowiredAnnotationBeanPostProcessor : Autowired annotation is not supported on static fields: private static final org.slf4j.Logger com.pp.iteanz.services.ContractMailNotificationSender.log
2020-02-21 13:24:49.515  INFO 9740 --- [restartedMain] o.s.s.c.ThreadPoolTaskScheduler          : Initializing ExecutorService 'taskScheduler'
2020-02-21 13:24:49.600  INFO 9740 --- [restartedMain] c.pp.iteanz.ReminderMailExeApplication   : Started ReminderMailExeApplication in 8.157 seconds (JVM running for 11.446)
2020-02-21 13:24:55.074  INFO 9740 --- [scheduling-1] c.pp.iteanz.ReminderMailExeApplication   : 1001  :  secondParty  Is Not Found
2020-02-21 13:24:59.939  INFO 9740 --- [scheduling-1] c.pp.iteanz.ReminderMailExeApplication   : 1001  :  Email  Is Not Sent
2020-02-21 13:24:59.941  INFO 9740 --- [scheduling-1] c.pp.iteanz.ReminderMailExeApplication   : 1001  :  secondParty  Is Not Found
2020-02-21 13:24:59.957  INFO 9740 --- [scheduling-1] c.pp.iteanz.ReminderMailExeApplication   : 1001  :  Email  Is Not Sent
2020-02-21 13:24:59.976 ERROR 9740 --- [scheduling-1] c.pp.iteanz.ReminderMailExeApplication   : 1001  ::  To Email Is Empty
2020-02-21 13:24:59.977 ERROR 9740 --- [scheduling-1] c.pp.iteanz.ReminderMailExeApplication   : 1001  ::  To Email Is Empty
2020-02-21 13:30:53.214  INFO 9740 --- [Thread-7] o.s.s.c.ThreadPoolTaskScheduler          : Shutting down ExecutorService 'taskScheduler'
2020-02-21 13:30:53.217  INFO 9740 --- [Thread-7] j.LocalContainerEntityManagerFactoryBean : Closing JPA EntityManagerFactory for persistence unit 'default'
2020-02-21 13:30:53.223  INFO 9740 --- [Thread-7] com.zaxxer.hikari.HikariDataSource       : HikariPool-1 - Shutdown initiated...
2020-02-21 13:30:53.456  INFO 9740 --- [Thread-7] com.zaxxer.hikari.HikariDataSource       : HikariPool-1 - Shutdown completed.
2020-02-21 13:30:53.734  INFO 9740 --- [restartedMain] c.pp.iteanz.ReminderMailExeApplication   : Starting ReminderMailExeApplication on DESKTOP-QO182SN with PID 9740 (E:\EXE-workSpace\ReminderMailEXE\target\classes started by Iteanz Emp in E:\EXE-workSpace\ReminderMailEXE)
2020-02-21 13:30:53.734  INFO 9740 --- [restartedMain] c.pp.iteanz.ReminderMailExeApplication   : No active profile set, falling back to default profiles: default
2020-02-21 13:30:54.001  INFO 9740 --- [restartedMain] .s.d.r.c.RepositoryConfigurationDelegate : Bootstrapping Spring Data JPA repositories in DEFAULT mode.
2020-02-21 13:30:54.016  INFO 9740 --- [restartedMain] .s.d.r.c.RepositoryConfigurationDelegate : Finished Spring Data repository scanning in 14ms. Found 1 JPA repository interfaces.
2020-02-21 13:30:54.143  INFO 9740 --- [restartedMain] o.hibernate.jpa.internal.util.LogHelper  : HHH000204: Processing PersistenceUnitInfo [name: default]
2020-02-21 13:30:54.152  INFO 9740 --- [restartedMain] com.zaxxer.hikari.HikariDataSource       : HikariPool-2 - Starting...
2020-02-21 13:30:54.153  WARN 9740 --- [restartedMain] com.zaxxer.hikari.util.DriverDataSource  : Registered driver with driverClassName=oracle.jdbc.driver.OracleDriver was not found, trying direct instantiation.
2020-02-21 13:30:54.190  INFO 9740 --- [restartedMain] com.zaxxer.hikari.pool.PoolBase          : HikariPool-2 - Driver does not support get/set network timeout for connections. (oracle.jdbc.driver.T4CConnection.getNetworkTimeout()I)
2020-02-21 13:30:54.192  INFO 9740 --- [restartedMain] com.zaxxer.hikari.HikariDataSource       : HikariPool-2 - Start completed.
2020-02-21 13:30:54.193  INFO 9740 --- [restartedMain] org.hibernate.dialect.Dialect            : HHH000400: Using dialect: org.hibernate.dialect.Oracle10gDialect
2020-02-21 14:23:56.422  INFO 9516 --- [restartedMain] c.pp.iteanz.ReminderMailExeApplication   : Starting ReminderMailExeApplication on DESKTOP-QO182SN with PID 9516 (E:\EXE-workSpace\ReminderMailEXE\target\classes started by Iteanz Emp in E:\EXE-workSpace\ReminderMailEXE)
2020-02-21 14:23:56.428  INFO 9516 --- [restartedMain] c.pp.iteanz.ReminderMailExeApplication   : No active profile set, falling back to default profiles: default
2020-02-21 14:23:56.526  INFO 9516 --- [restartedMain] o.s.b.devtools.restart.ChangeableUrls    : The Class-Path manifest attribute in C:\Users\Iteanz Emp\.m2\repository\org\glassfish\jaxb\jaxb-runtime\2.3.2\jaxb-runtime-2.3.2.jar referenced one or more files that do not exist: file:/C:/Users/Iteanz%20Emp/.m2/repository/org/glassfish/jaxb/jaxb-runtime/2.3.2/jakarta.xml.bind-api-2.3.2.jar,file:/C:/Users/Iteanz%20Emp/.m2/repository/org/glassfish/jaxb/jaxb-runtime/2.3.2/txw2-2.3.2.jar,file:/C:/Users/Iteanz%20Emp/.m2/repository/org/glassfish/jaxb/jaxb-runtime/2.3.2/istack-commons-runtime-3.0.8.jar,file:/C:/Users/Iteanz%20Emp/.m2/repository/org/glassfish/jaxb/jaxb-runtime/2.3.2/stax-ex-1.8.1.jar,file:/C:/Users/Iteanz%20Emp/.m2/repository/org/glassfish/jaxb/jaxb-runtime/2.3.2/FastInfoset-1.2.16.jar,file:/C:/Users/Iteanz%20Emp/.m2/repository/org/glassfish/jaxb/jaxb-runtime/2.3.2/jakarta.activation-api-1.2.1.jar
2020-02-21 14:23:56.527  INFO 9516 --- [restartedMain] .e.DevToolsPropertyDefaultsPostProcessor : Devtools property defaults active! Set 'spring.devtools.add-properties' to 'false' to disable
2020-02-21 14:23:57.289  INFO 9516 --- [restartedMain] .s.d.r.c.RepositoryConfigurationDelegate : Bootstrapping Spring Data JPA repositories in DEFAULT mode.
2020-02-21 14:23:57.427  INFO 9516 --- [restartedMain] .s.d.r.c.RepositoryConfigurationDelegate : Finished Spring Data repository scanning in 119ms. Found 2 JPA repository interfaces.
2020-02-21 14:24:23.593  INFO 9516 --- [restartedMain] o.hibernate.jpa.internal.util.LogHelper  : HHH000204: Processing PersistenceUnitInfo [name: default]
2020-02-21 14:24:25.780  INFO 9516 --- [restartedMain] org.hibernate.Version                    : HHH000412: Hibernate Core {5.4.10.Final}
2020-02-21 14:24:31.476  INFO 9516 --- [restartedMain] o.hibernate.annotations.common.Version   : HCANN000001: Hibernate Commons Annotations {5.1.0.Final}
2020-02-21 14:24:34.917  INFO 9516 --- [restartedMain] com.zaxxer.hikari.HikariDataSource       : HikariPool-1 - Starting...
2020-02-21 14:24:34.939  WARN 9516 --- [restartedMain] com.zaxxer.hikari.util.DriverDataSource  : Registered driver with driverClassName=oracle.jdbc.driver.OracleDriver was not found, trying direct instantiation.
2020-02-21 14:24:37.549  INFO 9516 --- [restartedMain] com.zaxxer.hikari.pool.PoolBase          : HikariPool-1 - Driver does not support get/set network timeout for connections. (oracle.jdbc.driver.T4CConnection.getNetworkTimeout()I)
2020-02-21 14:24:37.632  INFO 9516 --- [restartedMain] com.zaxxer.hikari.HikariDataSource       : HikariPool-1 - Start completed.
2020-02-21 14:24:38.503  INFO 9516 --- [restartedMain] org.hibernate.dialect.Dialect            : HHH000400: Using dialect: org.hibernate.dialect.Oracle10gDialect
2020-02-21 14:24:57.816  INFO 11488 --- [restartedMain] c.pp.iteanz.ReminderMailExeApplication   : Starting ReminderMailExeApplication on DESKTOP-QO182SN with PID 11488 (E:\EXE-workSpace\ReminderMailEXE\target\classes started by Iteanz Emp in E:\EXE-workSpace\ReminderMailEXE)
2020-02-21 14:24:57.823  INFO 11488 --- [restartedMain] c.pp.iteanz.ReminderMailExeApplication   : No active profile set, falling back to default profiles: default
2020-02-21 14:24:57.898  INFO 11488 --- [restartedMain] o.s.b.devtools.restart.ChangeableUrls    : The Class-Path manifest attribute in C:\Users\Iteanz Emp\.m2\repository\org\glassfish\jaxb\jaxb-runtime\2.3.2\jaxb-runtime-2.3.2.jar referenced one or more files that do not exist: file:/C:/Users/Iteanz%20Emp/.m2/repository/org/glassfish/jaxb/jaxb-runtime/2.3.2/jakarta.xml.bind-api-2.3.2.jar,file:/C:/Users/Iteanz%20Emp/.m2/repository/org/glassfish/jaxb/jaxb-runtime/2.3.2/txw2-2.3.2.jar,file:/C:/Users/Iteanz%20Emp/.m2/repository/org/glassfish/jaxb/jaxb-runtime/2.3.2/istack-commons-runtime-3.0.8.jar,file:/C:/Users/Iteanz%20Emp/.m2/repository/org/glassfish/jaxb/jaxb-runtime/2.3.2/stax-ex-1.8.1.jar,file:/C:/Users/Iteanz%20Emp/.m2/repository/org/glassfish/jaxb/jaxb-runtime/2.3.2/FastInfoset-1.2.16.jar,file:/C:/Users/Iteanz%20Emp/.m2/repository/org/glassfish/jaxb/jaxb-runtime/2.3.2/jakarta.activation-api-1.2.1.jar
2020-02-21 14:24:57.898  INFO 11488 --- [restartedMain] .e.DevToolsPropertyDefaultsPostProcessor : Devtools property defaults active! Set 'spring.devtools.add-properties' to 'false' to disable
2020-02-21 14:24:58.642  INFO 11488 --- [restartedMain] .s.d.r.c.RepositoryConfigurationDelegate : Bootstrapping Spring Data JPA repositories in DEFAULT mode.
2020-02-21 14:24:58.754  INFO 11488 --- [restartedMain] .s.d.r.c.RepositoryConfigurationDelegate : Finished Spring Data repository scanning in 97ms. Found 2 JPA repository interfaces.
2020-02-21 14:25:26.817  INFO 11488 --- [restartedMain] o.hibernate.jpa.internal.util.LogHelper  : HHH000204: Processing PersistenceUnitInfo [name: default]
2020-02-21 14:25:29.126  INFO 11488 --- [restartedMain] org.hibernate.Version                    : HHH000412: Hibernate Core {5.4.10.Final}
2020-02-21 14:25:34.677  INFO 11488 --- [restartedMain] o.hibernate.annotations.common.Version   : HCANN000001: Hibernate Commons Annotations {5.1.0.Final}
2020-02-21 14:25:38.095  INFO 11488 --- [restartedMain] com.zaxxer.hikari.HikariDataSource       : HikariPool-1 - Starting...
2020-02-21 14:25:38.115  WARN 11488 --- [restartedMain] com.zaxxer.hikari.util.DriverDataSource  : Registered driver with driverClassName=oracle.jdbc.driver.OracleDriver was not found, trying direct instantiation.
2020-02-21 14:25:40.616  INFO 11488 --- [restartedMain] com.zaxxer.hikari.pool.PoolBase          : HikariPool-1 - Driver does not support get/set network timeout for connections. (oracle.jdbc.driver.T4CConnection.getNetworkTimeout()I)
2020-02-21 14:25:40.797  INFO 11488 --- [restartedMain] com.zaxxer.hikari.HikariDataSource       : HikariPool-1 - Start completed.
2020-02-21 14:25:41.709  INFO 11488 --- [restartedMain] org.hibernate.dialect.Dialect            : HHH000400: Using dialect: org.hibernate.dialect.Oracle10gDialect
2020-02-21 14:28:07.066  INFO 15976 --- [restartedMain] c.pp.iteanz.ReminderMailExeApplication   : Starting ReminderMailExeApplication on DESKTOP-QO182SN with PID 15976 (E:\EXE-workSpace\ReminderMailEXE\target\classes started by Iteanz Emp in E:\EXE-workSpace\ReminderMailEXE)
2020-02-21 14:28:07.072  INFO 15976 --- [restartedMain] c.pp.iteanz.ReminderMailExeApplication   : No active profile set, falling back to default profiles: default
2020-02-21 14:28:07.143  INFO 15976 --- [restartedMain] o.s.b.devtools.restart.ChangeableUrls    : The Class-Path manifest attribute in C:\Users\Iteanz Emp\.m2\repository\org\glassfish\jaxb\jaxb-runtime\2.3.2\jaxb-runtime-2.3.2.jar referenced one or more files that do not exist: file:/C:/Users/Iteanz%20Emp/.m2/repository/org/glassfish/jaxb/jaxb-runtime/2.3.2/jakarta.xml.bind-api-2.3.2.jar,file:/C:/Users/Iteanz%20Emp/.m2/repository/org/glassfish/jaxb/jaxb-runtime/2.3.2/txw2-2.3.2.jar,file:/C:/Users/Iteanz%20Emp/.m2/repository/org/glassfish/jaxb/jaxb-runtime/2.3.2/istack-commons-runtime-3.0.8.jar,file:/C:/Users/Iteanz%20Emp/.m2/repository/org/glassfish/jaxb/jaxb-runtime/2.3.2/stax-ex-1.8.1.jar,file:/C:/Users/Iteanz%20Emp/.m2/repository/org/glassfish/jaxb/jaxb-runtime/2.3.2/FastInfoset-1.2.16.jar,file:/C:/Users/Iteanz%20Emp/.m2/repository/org/glassfish/jaxb/jaxb-runtime/2.3.2/jakarta.activation-api-1.2.1.jar
2020-02-21 14:28:07.143  INFO 15976 --- [restartedMain] .e.DevToolsPropertyDefaultsPostProcessor : Devtools property defaults active! Set 'spring.devtools.add-properties' to 'false' to disable
2020-02-21 14:28:07.883  INFO 15976 --- [restartedMain] .s.d.r.c.RepositoryConfigurationDelegate : Bootstrapping Spring Data JPA repositories in DEFAULT mode.
2020-02-21 14:28:07.993  INFO 15976 --- [restartedMain] .s.d.r.c.RepositoryConfigurationDelegate : Finished Spring Data repository scanning in 95ms. Found 2 JPA repository interfaces.
2020-02-21 14:28:33.108  INFO 15976 --- [restartedMain] o.hibernate.jpa.internal.util.LogHelper  : HHH000204: Processing PersistenceUnitInfo [name: default]
2020-02-21 14:28:35.306  INFO 15976 --- [restartedMain] org.hibernate.Version                    : HHH000412: Hibernate Core {5.4.10.Final}
2020-02-21 14:28:40.460  INFO 15976 --- [restartedMain] o.hibernate.annotations.common.Version   : HCANN000001: Hibernate Commons Annotations {5.1.0.Final}
2020-02-21 14:28:44.121  INFO 15976 --- [restartedMain] com.zaxxer.hikari.HikariDataSource       : HikariPool-1 - Starting...
2020-02-21 14:28:44.143  WARN 15976 --- [restartedMain] com.zaxxer.hikari.util.DriverDataSource  : Registered driver with driverClassName=oracle.jdbc.driver.OracleDriver was not found, trying direct instantiation.
2020-02-21 14:28:46.792  INFO 15976 --- [restartedMain] com.zaxxer.hikari.pool.PoolBase          : HikariPool-1 - Driver does not support get/set network timeout for connections. (oracle.jdbc.driver.T4CConnection.getNetworkTimeout()I)
2020-02-21 14:28:46.869  INFO 15976 --- [restartedMain] com.zaxxer.hikari.HikariDataSource       : HikariPool-1 - Start completed.
2020-02-21 14:28:47.883  INFO 15976 --- [restartedMain] org.hibernate.dialect.Dialect            : HHH000400: Using dialect: org.hibernate.dialect.Oracle10gDialect
2020-02-21 14:30:26.160  INFO 15976 --- [restartedMain] o.h.e.t.j.p.i.JtaPlatformInitiator       : HHH000490: Using JtaPlatform implementation: [org.hibernate.engine.transaction.jta.platform.internal.NoJtaPlatform]
2020-02-21 14:30:26.409  INFO 15976 --- [restartedMain] j.LocalContainerEntityManagerFactoryBean : Initialized JPA EntityManagerFactory for persistence unit 'default'
2020-02-21 14:30:31.311  INFO 15976 --- [restartedMain] o.s.b.d.a.OptionalLiveReloadServer       : LiveReload server is running on port 35729
2020-02-21 14:30:31.774  INFO 15976 --- [restartedMain] f.a.AutowiredAnnotationBeanPostProcessor : Autowired annotation is not supported on static fields: private static final org.slf4j.Logger com.pp.iteanz.services.ContractMailNotificationSender.log
2020-02-21 14:31:38.062  INFO 15976 --- [restartedMain] o.s.s.c.ThreadPoolTaskScheduler          : Initializing ExecutorService 'taskScheduler'
2020-02-21 14:31:45.372  INFO 15976 --- [restartedMain] c.pp.iteanz.ReminderMailExeApplication   : Started ReminderMailExeApplication in 218.84 seconds (JVM running for 222.561)
2020-02-21 14:35:47.904 ERROR 15976 --- [scheduling-1] c.pp.iteanz.ReminderMailExeApplication   : 1001  ::  To Email Is Empty
2020-02-21 14:36:22.509 ERROR 15976 --- [scheduling-1] c.pp.iteanz.ReminderMailExeApplication   : 1001  ::  To Email Is Empty
2020-02-21 14:37:55.764  INFO 15976 --- [Thread-8] o.s.s.c.ThreadPoolTaskScheduler          : Shutting down ExecutorService 'taskScheduler'
2020-02-21 14:37:55.944  INFO 15976 --- [Thread-8] j.LocalContainerEntityManagerFactoryBean : Closing JPA EntityManagerFactory for persistence unit 'default'
2020-02-21 14:37:56.129  INFO 15976 --- [Thread-8] com.zaxxer.hikari.HikariDataSource       : HikariPool-1 - Shutdown initiated...
2020-02-21 14:37:56.295  INFO 15976 --- [Thread-8] com.zaxxer.hikari.HikariDataSource       : HikariPool-1 - Shutdown completed.
2020-02-21 14:38:03.484  INFO 15976 --- [restartedMain] c.pp.iteanz.ReminderMailExeApplication   : Starting ReminderMailExeApplication on DESKTOP-QO182SN with PID 15976 (E:\EXE-workSpace\ReminderMailEXE\target\classes started by Iteanz Emp in E:\EXE-workSpace\ReminderMailEXE)
2020-02-21 14:38:03.599  INFO 15976 --- [restartedMain] c.pp.iteanz.ReminderMailExeApplication   : No active profile set, falling back to default profiles: default
2020-02-21 14:38:26.006  INFO 15976 --- [restartedMain] .s.d.r.c.RepositoryConfigurationDelegate : Bootstrapping Spring Data JPA repositories in DEFAULT mode.
2020-02-21 14:38:27.716  INFO 15976 --- [restartedMain] .s.d.r.c.RepositoryConfigurationDelegate : Finished Spring Data repository scanning in 1694ms. Found 2 JPA repository interfaces.
2020-02-21 14:38:48.263  INFO 15976 --- [restartedMain] o.hibernate.jpa.internal.util.LogHelper  : HHH000204: Processing PersistenceUnitInfo [name: default]
2020-02-21 14:38:48.776  INFO 15976 --- [restartedMain] com.zaxxer.hikari.HikariDataSource       : HikariPool-2 - Starting...
2020-02-21 14:38:48.786  WARN 15976 --- [restartedMain] com.zaxxer.hikari.util.DriverDataSource  : Registered driver with driverClassName=oracle.jdbc.driver.OracleDriver was not found, trying direct instantiation.
2020-02-21 14:38:49.101  INFO 15976 --- [restartedMain] com.zaxxer.hikari.pool.PoolBase          : HikariPool-2 - Driver does not support get/set network timeout for connections. (oracle.jdbc.driver.T4CConnection.getNetworkTimeout()I)
2020-02-21 14:38:49.120  INFO 15976 --- [restartedMain] com.zaxxer.hikari.HikariDataSource       : HikariPool-2 - Start completed.
2020-02-21 14:38:49.133  INFO 15976 --- [restartedMain] org.hibernate.dialect.Dialect            : HHH000400: Using dialect: org.hibernate.dialect.Oracle10gDialect
2020-02-21 14:40:07.616  INFO 15976 --- [restartedMain] o.h.e.t.j.p.i.JtaPlatformInitiator       : HHH000490: Using JtaPlatform implementation: [org.hibernate.engine.transaction.jta.platform.internal.NoJtaPlatform]
2020-02-21 14:40:07.632  INFO 15976 --- [restartedMain] j.LocalContainerEntityManagerFactoryBean : Initialized JPA EntityManagerFactory for persistence unit 'default'
2020-02-21 14:40:10.837  INFO 15976 --- [restartedMain] o.s.b.d.a.OptionalLiveReloadServer       : LiveReload server is running on port 35729
2020-02-21 14:41:05.412  INFO 15976 --- [restartedMain] o.s.s.c.ThreadPoolTaskScheduler          : Initializing ExecutorService 'taskScheduler'
2020-02-21 14:41:11.818  INFO 15976 --- [restartedMain] c.pp.iteanz.ReminderMailExeApplication   : Started ReminderMailExeApplication in 194.761 seconds (JVM running for 789.007)
2020-02-21 14:41:12.345  INFO 15976 --- [restartedMain] .ConditionEvaluationDeltaLoggingListener : Condition evaluation unchanged
2020-02-21 14:45:02.468  INFO 15976 --- [Thread-13] o.s.s.c.ThreadPoolTaskScheduler          : Shutting down ExecutorService 'taskScheduler'
2020-02-21 14:45:02.582  INFO 15976 --- [Thread-13] j.LocalContainerEntityManagerFactoryBean : Closing JPA EntityManagerFactory for persistence unit 'default'
2020-02-21 14:45:02.673  INFO 15976 --- [Thread-13] com.zaxxer.hikari.HikariDataSource       : HikariPool-2 - Shutdown initiated...
2020-02-21 14:45:02.932  INFO 15976 --- [Thread-13] com.zaxxer.hikari.HikariDataSource       : HikariPool-2 - Shutdown completed.
2020-02-21 14:45:13.198  INFO 20312 --- [restartedMain] c.pp.iteanz.ReminderMailExeApplication   : Starting ReminderMailExeApplication on DESKTOP-QO182SN with PID 20312 (E:\EXE-workSpace\ReminderMailEXE\target\classes started by Iteanz Emp in E:\EXE-workSpace\ReminderMailEXE)
2020-02-21 14:45:13.204  INFO 20312 --- [restartedMain] c.pp.iteanz.ReminderMailExeApplication   : No active profile set, falling back to default profiles: default
2020-02-21 14:45:13.273  INFO 20312 --- [restartedMain] o.s.b.devtools.restart.ChangeableUrls    : The Class-Path manifest attribute in C:\Users\Iteanz Emp\.m2\repository\org\glassfish\jaxb\jaxb-runtime\2.3.2\jaxb-runtime-2.3.2.jar referenced one or more files that do not exist: file:/C:/Users/Iteanz%20Emp/.m2/repository/org/glassfish/jaxb/jaxb-runtime/2.3.2/jakarta.xml.bind-api-2.3.2.jar,file:/C:/Users/Iteanz%20Emp/.m2/repository/org/glassfish/jaxb/jaxb-runtime/2.3.2/txw2-2.3.2.jar,file:/C:/Users/Iteanz%20Emp/.m2/repository/org/glassfish/jaxb/jaxb-runtime/2.3.2/istack-commons-runtime-3.0.8.jar,file:/C:/Users/Iteanz%20Emp/.m2/repository/org/glassfish/jaxb/jaxb-runtime/2.3.2/stax-ex-1.8.1.jar,file:/C:/Users/Iteanz%20Emp/.m2/repository/org/glassfish/jaxb/jaxb-runtime/2.3.2/FastInfoset-1.2.16.jar,file:/C:/Users/Iteanz%20Emp/.m2/repository/org/glassfish/jaxb/jaxb-runtime/2.3.2/jakarta.activation-api-1.2.1.jar
2020-02-21 14:45:13.273  INFO 20312 --- [restartedMain] .e.DevToolsPropertyDefaultsPostProcessor : Devtools property defaults active! Set 'spring.devtools.add-properties' to 'false' to disable
2020-02-21 14:45:14.010  INFO 20312 --- [restartedMain] .s.d.r.c.RepositoryConfigurationDelegate : Bootstrapping Spring Data JPA repositories in DEFAULT mode.
2020-02-21 14:45:14.136  INFO 20312 --- [restartedMain] .s.d.r.c.RepositoryConfigurationDelegate : Finished Spring Data repository scanning in 110ms. Found 2 JPA repository interfaces.
2020-02-21 14:45:40.801  INFO 20312 --- [restartedMain] o.hibernate.jpa.internal.util.LogHelper  : HHH000204: Processing PersistenceUnitInfo [name: default]
2020-02-21 14:45:42.970  INFO 20312 --- [restartedMain] org.hibernate.Version                    : HHH000412: Hibernate Core {5.4.10.Final}
2020-02-21 14:45:48.743  INFO 20312 --- [restartedMain] o.hibernate.annotations.common.Version   : HCANN000001: Hibernate Commons Annotations {5.1.0.Final}
2020-02-21 14:45:52.221  INFO 20312 --- [restartedMain] com.zaxxer.hikari.HikariDataSource       : HikariPool-1 - Starting...
2020-02-21 14:45:52.261  WARN 20312 --- [restartedMain] com.zaxxer.hikari.util.DriverDataSource  : Registered driver with driverClassName=oracle.jdbc.driver.OracleDriver was not found, trying direct instantiation.
2020-02-21 14:45:55.046  INFO 20312 --- [restartedMain] com.zaxxer.hikari.pool.PoolBase          : HikariPool-1 - Driver does not support get/set network timeout for connections. (oracle.jdbc.driver.T4CConnection.getNetworkTimeout()I)
2020-02-21 14:45:55.165  INFO 20312 --- [restartedMain] com.zaxxer.hikari.HikariDataSource       : HikariPool-1 - Start completed.
2020-02-21 14:45:56.120  INFO 20312 --- [restartedMain] org.hibernate.dialect.Dialect            : HHH000400: Using dialect: org.hibernate.dialect.Oracle10gDialect
2020-02-21 14:47:21.825  INFO 17532 --- [restartedMain] c.pp.iteanz.ReminderMailExeApplication   : Starting ReminderMailExeApplication on DESKTOP-QO182SN with PID 17532 (E:\EXE-workSpace\ReminderMailEXE\target\classes started by Iteanz Emp in E:\EXE-workSpace\ReminderMailEXE)
2020-02-21 14:47:21.830  INFO 17532 --- [restartedMain] c.pp.iteanz.ReminderMailExeApplication   : No active profile set, falling back to default profiles: default
2020-02-21 14:47:21.902  INFO 17532 --- [restartedMain] o.s.b.devtools.restart.ChangeableUrls    : The Class-Path manifest attribute in C:\Users\Iteanz Emp\.m2\repository\org\glassfish\jaxb\jaxb-runtime\2.3.2\jaxb-runtime-2.3.2.jar referenced one or more files that do not exist: file:/C:/Users/Iteanz%20Emp/.m2/repository/org/glassfish/jaxb/jaxb-runtime/2.3.2/jakarta.xml.bind-api-2.3.2.jar,file:/C:/Users/Iteanz%20Emp/.m2/repository/org/glassfish/jaxb/jaxb-runtime/2.3.2/txw2-2.3.2.jar,file:/C:/Users/Iteanz%20Emp/.m2/repository/org/glassfish/jaxb/jaxb-runtime/2.3.2/istack-commons-runtime-3.0.8.jar,file:/C:/Users/Iteanz%20Emp/.m2/repository/org/glassfish/jaxb/jaxb-runtime/2.3.2/stax-ex-1.8.1.jar,file:/C:/Users/Iteanz%20Emp/.m2/repository/org/glassfish/jaxb/jaxb-runtime/2.3.2/FastInfoset-1.2.16.jar,file:/C:/Users/Iteanz%20Emp/.m2/repository/org/glassfish/jaxb/jaxb-runtime/2.3.2/jakarta.activation-api-1.2.1.jar
2020-02-21 14:47:21.902  INFO 17532 --- [restartedMain] .e.DevToolsPropertyDefaultsPostProcessor : Devtools property defaults active! Set 'spring.devtools.add-properties' to 'false' to disable
2020-02-21 14:47:22.704  INFO 17532 --- [restartedMain] .s.d.r.c.RepositoryConfigurationDelegate : Bootstrapping Spring Data JPA repositories in DEFAULT mode.
2020-02-21 14:47:22.836  INFO 17532 --- [restartedMain] .s.d.r.c.RepositoryConfigurationDelegate : Finished Spring Data repository scanning in 112ms. Found 2 JPA repository interfaces.
2020-02-21 14:47:48.076  INFO 17532 --- [restartedMain] o.hibernate.jpa.internal.util.LogHelper  : HHH000204: Processing PersistenceUnitInfo [name: default]
2020-02-21 14:47:50.370  INFO 17532 --- [restartedMain] org.hibernate.Version                    : HHH000412: Hibernate Core {5.4.10.Final}
2020-02-21 14:47:55.657  INFO 17532 --- [restartedMain] o.hibernate.annotations.common.Version   : HCANN000001: Hibernate Commons Annotations {5.1.0.Final}
2020-02-21 14:47:59.041  INFO 17532 --- [restartedMain] com.zaxxer.hikari.HikariDataSource       : HikariPool-1 - Starting...
2020-02-21 14:47:59.059  WARN 17532 --- [restartedMain] com.zaxxer.hikari.util.DriverDataSource  : Registered driver with driverClassName=oracle.jdbc.driver.OracleDriver was not found, trying direct instantiation.
2020-02-21 14:48:01.573  INFO 17532 --- [restartedMain] com.zaxxer.hikari.pool.PoolBase          : HikariPool-1 - Driver does not support get/set network timeout for connections. (oracle.jdbc.driver.T4CConnection.getNetworkTimeout()I)
2020-02-21 14:48:01.648  INFO 17532 --- [restartedMain] com.zaxxer.hikari.HikariDataSource       : HikariPool-1 - Start completed.
2020-02-21 14:48:02.423  INFO 17532 --- [restartedMain] org.hibernate.dialect.Dialect            : HHH000400: Using dialect: org.hibernate.dialect.Oracle10gDialect
2020-02-21 14:49:38.846  INFO 17532 --- [restartedMain] o.h.e.t.j.p.i.JtaPlatformInitiator       : HHH000490: Using JtaPlatform implementation: [org.hibernate.engine.transaction.jta.platform.internal.NoJtaPlatform]
2020-02-21 14:49:39.044  INFO 17532 --- [restartedMain] j.LocalContainerEntityManagerFactoryBean : Initialized JPA EntityManagerFactory for persistence unit 'default'
2020-02-21 14:49:43.554  INFO 17532 --- [restartedMain] o.s.b.d.a.OptionalLiveReloadServer       : LiveReload server is running on port 35729
2020-02-21 14:50:49.104  INFO 17532 --- [restartedMain] o.s.s.c.ThreadPoolTaskScheduler          : Initializing ExecutorService 'taskScheduler'
2020-02-21 14:50:56.189  INFO 17532 --- [restartedMain] c.pp.iteanz.ReminderMailExeApplication   : Started ReminderMailExeApplication in 214.89 seconds (JVM running for 218.603)
2020-02-21 15:39:06.225  WARN 17532 --- [HikariPool-1 housekeeper] com.zaxxer.hikari.pool.HikariPool        : HikariPool-1 - Thread starvation or clock leap detected (housekeeper delta=35m4s230ms69µs800ns).
2020-02-21 16:28:06.381  INFO 8928 --- [restartedMain] c.pp.iteanz.ReminderMailExeApplication   : Starting ReminderMailExeApplication on DESKTOP-QO182SN with PID 8928 (E:\EXE-workSpace\ReminderMailEXE\target\classes started by Iteanz Emp in E:\EXE-workSpace\ReminderMailEXE)
2020-02-21 16:28:06.403  INFO 8928 --- [restartedMain] c.pp.iteanz.ReminderMailExeApplication   : No active profile set, falling back to default profiles: default
2020-02-21 16:28:06.494  INFO 8928 --- [restartedMain] o.s.b.devtools.restart.ChangeableUrls    : The Class-Path manifest attribute in C:\Users\Iteanz Emp\.m2\repository\org\glassfish\jaxb\jaxb-runtime\2.3.2\jaxb-runtime-2.3.2.jar referenced one or more files that do not exist: file:/C:/Users/Iteanz%20Emp/.m2/repository/org/glassfish/jaxb/jaxb-runtime/2.3.2/jakarta.xml.bind-api-2.3.2.jar,file:/C:/Users/Iteanz%20Emp/.m2/repository/org/glassfish/jaxb/jaxb-runtime/2.3.2/txw2-2.3.2.jar,file:/C:/Users/Iteanz%20Emp/.m2/repository/org/glassfish/jaxb/jaxb-runtime/2.3.2/istack-commons-runtime-3.0.8.jar,file:/C:/Users/Iteanz%20Emp/.m2/repository/org/glassfish/jaxb/jaxb-runtime/2.3.2/stax-ex-1.8.1.jar,file:/C:/Users/Iteanz%20Emp/.m2/repository/org/glassfish/jaxb/jaxb-runtime/2.3.2/FastInfoset-1.2.16.jar,file:/C:/Users/Iteanz%20Emp/.m2/repository/org/glassfish/jaxb/jaxb-runtime/2.3.2/jakarta.activation-api-1.2.1.jar
2020-02-21 16:28:06.494  INFO 8928 --- [restartedMain] .e.DevToolsPropertyDefaultsPostProcessor : Devtools property defaults active! Set 'spring.devtools.add-properties' to 'false' to disable
2020-02-21 16:28:08.015  INFO 8928 --- [restartedMain] .s.d.r.c.RepositoryConfigurationDelegate : Bootstrapping Spring Data JPA repositories in DEFAULT mode.
2020-02-21 16:28:08.190  INFO 8928 --- [restartedMain] .s.d.r.c.RepositoryConfigurationDelegate : Finished Spring Data repository scanning in 155ms. Found 2 JPA repository interfaces.
2020-02-21 16:28:32.088  INFO 8928 --- [restartedMain] o.hibernate.jpa.internal.util.LogHelper  : HHH000204: Processing PersistenceUnitInfo [name: default]
2020-02-21 16:28:34.148  INFO 8928 --- [restartedMain] org.hibernate.Version                    : HHH000412: Hibernate Core {5.4.10.Final}
2020-02-21 16:28:39.326  INFO 8928 --- [restartedMain] o.hibernate.annotations.common.Version   : HCANN000001: Hibernate Commons Annotations {5.1.0.Final}
2020-02-21 16:28:42.180  INFO 8928 --- [restartedMain] com.zaxxer.hikari.HikariDataSource       : HikariPool-1 - Starting...
2020-02-21 16:28:42.198  WARN 8928 --- [restartedMain] com.zaxxer.hikari.util.DriverDataSource  : Registered driver with driverClassName=oracle.jdbc.driver.OracleDriver was not found, trying direct instantiation.
2020-02-21 16:28:44.517  INFO 8928 --- [restartedMain] com.zaxxer.hikari.pool.PoolBase          : HikariPool-1 - Driver does not support get/set network timeout for connections. (oracle.jdbc.driver.T4CConnection.getNetworkTimeout()I)
2020-02-21 16:28:44.596  INFO 8928 --- [restartedMain] com.zaxxer.hikari.HikariDataSource       : HikariPool-1 - Start completed.
2020-02-21 16:28:45.349  INFO 8928 --- [restartedMain] org.hibernate.dialect.Dialect            : HHH000400: Using dialect: org.hibernate.dialect.Oracle10gDialect
2020-02-21 16:30:31.716  INFO 8928 --- [restartedMain] o.h.e.t.j.p.i.JtaPlatformInitiator       : HHH000490: Using JtaPlatform implementation: [org.hibernate.engine.transaction.jta.platform.internal.NoJtaPlatform]
2020-02-21 16:30:31.912  INFO 8928 --- [restartedMain] j.LocalContainerEntityManagerFactoryBean : Initialized JPA EntityManagerFactory for persistence unit 'default'
2020-02-21 16:30:35.910  INFO 8928 --- [restartedMain] o.s.b.d.a.OptionalLiveReloadServer       : LiveReload server is running on port 35729
2020-02-21 16:31:31.919  INFO 8928 --- [restartedMain] o.s.s.c.ThreadPoolTaskScheduler          : Initializing ExecutorService 'taskScheduler'
2020-02-21 16:31:37.721  INFO 8928 --- [restartedMain] c.pp.iteanz.ReminderMailExeApplication   : Started ReminderMailExeApplication in 212.036 seconds (JVM running for 218.246)
2020-02-21 16:37:19.540  INFO 8928 --- [scheduling-1] c.pp.iteanz.ReminderMailExeApplication   : 1000  :  Email  Is Sent
2020-02-21 16:37:55.165 ERROR 8928 --- [scheduling-1] c.pp.iteanz.ReminderMailExeApplication   : 1001  ::  To Email Is Empty
2020-02-21 16:37:59.732 ERROR 8928 --- [scheduling-1] c.pp.iteanz.ReminderMailExeApplication   : 1001  ::  To Email Is Empty
2020-02-21 16:42:48.588  INFO 3828 --- [restartedMain] c.pp.iteanz.ReminderMailExeApplication   : Starting ReminderMailExeApplication on DESKTOP-QO182SN with PID 3828 (E:\EXE-workSpace\ReminderMailEXE\target\classes started by Iteanz Emp in E:\EXE-workSpace\ReminderMailEXE)
2020-02-21 16:42:48.594  INFO 3828 --- [restartedMain] c.pp.iteanz.ReminderMailExeApplication   : No active profile set, falling back to default profiles: default
2020-02-21 16:42:48.689  INFO 3828 --- [restartedMain] o.s.b.devtools.restart.ChangeableUrls    : The Class-Path manifest attribute in C:\Users\Iteanz Emp\.m2\repository\org\glassfish\jaxb\jaxb-runtime\2.3.2\jaxb-runtime-2.3.2.jar referenced one or more files that do not exist: file:/C:/Users/Iteanz%20Emp/.m2/repository/org/glassfish/jaxb/jaxb-runtime/2.3.2/jakarta.xml.bind-api-2.3.2.jar,file:/C:/Users/Iteanz%20Emp/.m2/repository/org/glassfish/jaxb/jaxb-runtime/2.3.2/txw2-2.3.2.jar,file:/C:/Users/Iteanz%20Emp/.m2/repository/org/glassfish/jaxb/jaxb-runtime/2.3.2/istack-commons-runtime-3.0.8.jar,file:/C:/Users/Iteanz%20Emp/.m2/repository/org/glassfish/jaxb/jaxb-runtime/2.3.2/stax-ex-1.8.1.jar,file:/C:/Users/Iteanz%20Emp/.m2/repository/org/glassfish/jaxb/jaxb-runtime/2.3.2/FastInfoset-1.2.16.jar,file:/C:/Users/Iteanz%20Emp/.m2/repository/org/glassfish/jaxb/jaxb-runtime/2.3.2/jakarta.activation-api-1.2.1.jar
2020-02-21 16:42:48.689  INFO 3828 --- [restartedMain] .e.DevToolsPropertyDefaultsPostProcessor : Devtools property defaults active! Set 'spring.devtools.add-properties' to 'false' to disable
2020-02-21 16:42:49.641  INFO 3828 --- [restartedMain] .s.d.r.c.RepositoryConfigurationDelegate : Bootstrapping Spring Data JPA repositories in DEFAULT mode.
2020-02-21 16:42:49.823  INFO 3828 --- [restartedMain] .s.d.r.c.RepositoryConfigurationDelegate : Finished Spring Data repository scanning in 165ms. Found 2 JPA repository interfaces.
2020-02-21 16:43:15.030  INFO 3828 --- [restartedMain] o.hibernate.jpa.internal.util.LogHelper  : HHH000204: Processing PersistenceUnitInfo [name: default]
2020-02-21 16:43:16.950  INFO 3828 --- [restartedMain] org.hibernate.Version                    : HHH000412: Hibernate Core {5.4.10.Final}
2020-02-21 16:43:21.618  INFO 3828 --- [restartedMain] o.hibernate.annotations.common.Version   : HCANN000001: Hibernate Commons Annotations {5.1.0.Final}
2020-02-21 16:43:24.439  INFO 3828 --- [restartedMain] com.zaxxer.hikari.HikariDataSource       : HikariPool-1 - Starting...
2020-02-21 16:43:24.456  WARN 3828 --- [restartedMain] com.zaxxer.hikari.util.DriverDataSource  : Registered driver with driverClassName=oracle.jdbc.driver.OracleDriver was not found, trying direct instantiation.
2020-02-21 16:43:26.860  INFO 3828 --- [restartedMain] com.zaxxer.hikari.pool.PoolBase          : HikariPool-1 - Driver does not support get/set network timeout for connections. (oracle.jdbc.driver.T4CConnection.getNetworkTimeout()I)
2020-02-21 16:43:26.937  INFO 3828 --- [restartedMain] com.zaxxer.hikari.HikariDataSource       : HikariPool-1 - Start completed.
2020-02-21 16:43:27.744  INFO 3828 --- [restartedMain] org.hibernate.dialect.Dialect            : HHH000400: Using dialect: org.hibernate.dialect.Oracle10gDialect
2020-02-21 16:44:54.923  INFO 3828 --- [restartedMain] o.h.e.t.j.p.i.JtaPlatformInitiator       : HHH000490: Using JtaPlatform implementation: [org.hibernate.engine.transaction.jta.platform.internal.NoJtaPlatform]
2020-02-21 16:44:55.133  INFO 3828 --- [restartedMain] j.LocalContainerEntityManagerFactoryBean : Initialized JPA EntityManagerFactory for persistence unit 'default'
2020-02-21 16:44:59.153  INFO 3828 --- [restartedMain] o.s.b.d.a.OptionalLiveReloadServer       : LiveReload server is running on port 35729
2020-02-21 16:46:04.635  INFO 3828 --- [restartedMain] o.s.s.c.ThreadPoolTaskScheduler          : Initializing ExecutorService 'taskScheduler'
2020-02-21 16:46:15.050  INFO 3828 --- [restartedMain] c.pp.iteanz.ReminderMailExeApplication   : Started ReminderMailExeApplication in 207.151 seconds (JVM running for 211.675)
