2020-03-03 13:05:25.770  INFO 17064 --- [restartedMain] c.p.i.SrlXmlGenration27012020Application : Starting SrlXmlGenration27012020Application on DESKTOP-QO182SN with PID 17064 (E:\EXE-workSpace\SRL-XML-Genration-27-01-2020\target\classes started by Iteanz Emp in E:\EXE-workSpace\SRL-XML-Genration-27-01-2020)
2020-03-03 13:05:25.783  INFO 17064 --- [restartedMain] c.p.i.SrlXmlGenration27012020Application : No active profile set, falling back to default profiles: default
2020-03-03 13:05:26.186  INFO 17064 --- [restartedMain] o.s.b.devtools.restart.ChangeableUrls    : The Class-Path manifest attribute in C:\Users\Iteanz Emp\.m2\repository\org\glassfish\jaxb\jaxb-runtime\2.3.2\jaxb-runtime-2.3.2.jar referenced one or more files that do not exist: file:/C:/Users/Iteanz%20Emp/.m2/repository/org/glassfish/jaxb/jaxb-runtime/2.3.2/jakarta.xml.bind-api-2.3.2.jar,file:/C:/Users/Iteanz%20Emp/.m2/repository/org/glassfish/jaxb/jaxb-runtime/2.3.2/txw2-2.3.2.jar,file:/C:/Users/Iteanz%20Emp/.m2/repository/org/glassfish/jaxb/jaxb-runtime/2.3.2/istack-commons-runtime-3.0.8.jar,file:/C:/Users/Iteanz%20Emp/.m2/repository/org/glassfish/jaxb/jaxb-runtime/2.3.2/stax-ex-1.8.1.jar,file:/C:/Users/Iteanz%20Emp/.m2/repository/org/glassfish/jaxb/jaxb-runtime/2.3.2/FastInfoset-1.2.16.jar,file:/C:/Users/Iteanz%20Emp/.m2/repository/org/glassfish/jaxb/jaxb-runtime/2.3.2/jakarta.activation-api-1.2.1.jar
2020-03-03 13:05:26.188  INFO 17064 --- [restartedMain] .e.DevToolsPropertyDefaultsPostProcessor : Devtools property defaults active! Set 'spring.devtools.add-properties' to 'false' to disable
2020-03-03 13:05:29.273  INFO 17064 --- [restartedMain] .s.d.r.c.RepositoryConfigurationDelegate : Bootstrapping Spring Data JPA repositories in DEFAULT mode.
2020-03-03 13:05:29.505  INFO 17064 --- [restartedMain] .s.d.r.c.RepositoryConfigurationDelegate : Finished Spring Data repository scanning in 186ms. Found 4 JPA repository interfaces.
2020-03-03 13:05:31.226  INFO 17064 --- [restartedMain] o.hibernate.jpa.internal.util.LogHelper  : HHH000204: Processing PersistenceUnitInfo [name: default]
2020-03-03 13:05:31.374  INFO 17064 --- [restartedMain] org.hibernate.Version                    : HHH000412: Hibernate Core {5.4.10.Final}
2020-03-03 13:05:31.835  INFO 17064 --- [restartedMain] o.hibernate.annotations.common.Version   : HCANN000001: Hibernate Commons Annotations {5.1.0.Final}
2020-03-03 13:05:32.090  INFO 17064 --- [restartedMain] com.zaxxer.hikari.HikariDataSource       : HikariPool-1 - Starting...
2020-03-03 13:05:32.092  WARN 17064 --- [restartedMain] com.zaxxer.hikari.util.DriverDataSource  : Registered driver with driverClassName=oracle.jdbc.driver.OracleDriver was not found, trying direct instantiation.
2020-03-03 13:05:34.697  INFO 17064 --- [restartedMain] com.zaxxer.hikari.pool.PoolBase          : HikariPool-1 - Driver does not support get/set network timeout for connections. (oracle.jdbc.driver.T4CConnection.getNetworkTimeout()I)
2020-03-03 13:05:34.737  INFO 17064 --- [restartedMain] com.zaxxer.hikari.HikariDataSource       : HikariPool-1 - Start completed.
2020-03-03 13:05:34.802  INFO 17064 --- [restartedMain] org.hibernate.dialect.Dialect            : HHH000400: Using dialect: org.hibernate.dialect.Oracle10gDialect
2020-03-03 13:05:39.697  INFO 17064 --- [restartedMain] o.h.e.t.j.p.i.JtaPlatformInitiator       : HHH000490: Using JtaPlatform implementation: [org.hibernate.engine.transaction.jta.platform.internal.NoJtaPlatform]
2020-03-03 13:05:39.721  INFO 17064 --- [restartedMain] j.LocalContainerEntityManagerFactoryBean : Initialized JPA EntityManagerFactory for persistence unit 'default'
2020-03-03 13:05:39.829  INFO 17064 --- [restartedMain] o.s.b.d.a.OptionalLiveReloadServer       : LiveReload server is running on port 35729
2020-03-03 13:05:41.455  INFO 17064 --- [restartedMain] o.s.s.c.ThreadPoolTaskScheduler          : Initializing ExecutorService 'taskScheduler'
2020-03-03 13:05:41.713  INFO 17064 --- [restartedMain] c.p.i.SrlXmlGenration27012020Application : Started SrlXmlGenration27012020Application in 17.049 seconds (JVM running for 27.406)
2020-03-03 13:17:45.361  INFO 16220 --- [restartedMain] c.p.i.SrlXmlGenration27012020Application : Starting SrlXmlGenration27012020Application on DESKTOP-QO182SN with PID 16220 (E:\EXE-workSpace\SRL-XML-Genration-27-01-2020\target\classes started by Iteanz Emp in E:\EXE-workSpace\SRL-XML-Genration-27-01-2020)
2020-03-03 13:17:45.367  INFO 16220 --- [restartedMain] c.p.i.SrlXmlGenration27012020Application : No active profile set, falling back to default profiles: default
2020-03-03 13:17:45.437  INFO 16220 --- [restartedMain] o.s.b.devtools.restart.ChangeableUrls    : The Class-Path manifest attribute in C:\Users\Iteanz Emp\.m2\repository\org\glassfish\jaxb\jaxb-runtime\2.3.2\jaxb-runtime-2.3.2.jar referenced one or more files that do not exist: file:/C:/Users/Iteanz%20Emp/.m2/repository/org/glassfish/jaxb/jaxb-runtime/2.3.2/jakarta.xml.bind-api-2.3.2.jar,file:/C:/Users/Iteanz%20Emp/.m2/repository/org/glassfish/jaxb/jaxb-runtime/2.3.2/txw2-2.3.2.jar,file:/C:/Users/Iteanz%20Emp/.m2/repository/org/glassfish/jaxb/jaxb-runtime/2.3.2/istack-commons-runtime-3.0.8.jar,file:/C:/Users/Iteanz%20Emp/.m2/repository/org/glassfish/jaxb/jaxb-runtime/2.3.2/stax-ex-1.8.1.jar,file:/C:/Users/Iteanz%20Emp/.m2/repository/org/glassfish/jaxb/jaxb-runtime/2.3.2/FastInfoset-1.2.16.jar,file:/C:/Users/Iteanz%20Emp/.m2/repository/org/glassfish/jaxb/jaxb-runtime/2.3.2/jakarta.activation-api-1.2.1.jar
2020-03-03 13:17:45.438  INFO 16220 --- [restartedMain] .e.DevToolsPropertyDefaultsPostProcessor : Devtools property defaults active! Set 'spring.devtools.add-properties' to 'false' to disable
2020-03-03 13:17:46.285  INFO 16220 --- [restartedMain] .s.d.r.c.RepositoryConfigurationDelegate : Bootstrapping Spring Data JPA repositories in DEFAULT mode.
2020-03-03 13:17:46.433  INFO 16220 --- [restartedMain] .s.d.r.c.RepositoryConfigurationDelegate : Finished Spring Data repository scanning in 131ms. Found 4 JPA repository interfaces.
2020-03-03 13:17:47.375  INFO 16220 --- [restartedMain] o.hibernate.jpa.internal.util.LogHelper  : HHH000204: Processing PersistenceUnitInfo [name: default]
2020-03-03 13:17:47.507  INFO 16220 --- [restartedMain] org.hibernate.Version                    : HHH000412: Hibernate Core {5.4.10.Final}
2020-03-03 13:17:47.722  INFO 16220 --- [restartedMain] o.hibernate.annotations.common.Version   : HCANN000001: Hibernate Commons Annotations {5.1.0.Final}
2020-03-03 13:17:47.871  INFO 16220 --- [restartedMain] com.zaxxer.hikari.HikariDataSource       : HikariPool-1 - Starting...
2020-03-03 13:17:47.873  WARN 16220 --- [restartedMain] com.zaxxer.hikari.util.DriverDataSource  : Registered driver with driverClassName=oracle.jdbc.driver.OracleDriver was not found, trying direct instantiation.
2020-03-03 13:17:48.277  INFO 16220 --- [restartedMain] com.zaxxer.hikari.pool.PoolBase          : HikariPool-1 - Driver does not support get/set network timeout for connections. (oracle.jdbc.driver.T4CConnection.getNetworkTimeout()I)
2020-03-03 13:17:48.288  INFO 16220 --- [restartedMain] com.zaxxer.hikari.HikariDataSource       : HikariPool-1 - Start completed.
2020-03-03 13:17:48.319  INFO 16220 --- [restartedMain] org.hibernate.dialect.Dialect            : HHH000400: Using dialect: org.hibernate.dialect.Oracle10gDialect
2020-03-03 13:17:50.725  INFO 16220 --- [restartedMain] o.h.e.t.j.p.i.JtaPlatformInitiator       : HHH000490: Using JtaPlatform implementation: [org.hibernate.engine.transaction.jta.platform.internal.NoJtaPlatform]
2020-03-03 13:17:50.739  INFO 16220 --- [restartedMain] j.LocalContainerEntityManagerFactoryBean : Initialized JPA EntityManagerFactory for persistence unit 'default'
2020-03-03 13:17:50.791  INFO 16220 --- [restartedMain] o.s.b.d.a.OptionalLiveReloadServer       : LiveReload server is running on port 35729
2020-03-03 13:17:51.772  INFO 16220 --- [restartedMain] o.s.s.c.ThreadPoolTaskScheduler          : Initializing ExecutorService 'taskScheduler'
2020-03-03 13:17:51.873  INFO 16220 --- [restartedMain] c.p.i.SrlXmlGenration27012020Application : Started SrlXmlGenration27012020Application in 7.099 seconds (JVM running for 16.056)
2020-03-03 13:21:07.314  INFO 12348 --- [restartedMain] c.p.i.SrlXmlGenration27012020Application : Starting SrlXmlGenration27012020Application on DESKTOP-QO182SN with PID 12348 (E:\EXE-workSpace\SRL-XML-Genration-27-01-2020\target\classes started by Iteanz Emp in E:\EXE-workSpace\SRL-XML-Genration-27-01-2020)
2020-03-03 13:21:07.319  INFO 12348 --- [restartedMain] c.p.i.SrlXmlGenration27012020Application : No active profile set, falling back to default profiles: default
2020-03-03 13:21:07.389  INFO 12348 --- [restartedMain] o.s.b.devtools.restart.ChangeableUrls    : The Class-Path manifest attribute in C:\Users\Iteanz Emp\.m2\repository\org\glassfish\jaxb\jaxb-runtime\2.3.2\jaxb-runtime-2.3.2.jar referenced one or more files that do not exist: file:/C:/Users/Iteanz%20Emp/.m2/repository/org/glassfish/jaxb/jaxb-runtime/2.3.2/jakarta.xml.bind-api-2.3.2.jar,file:/C:/Users/Iteanz%20Emp/.m2/repository/org/glassfish/jaxb/jaxb-runtime/2.3.2/txw2-2.3.2.jar,file:/C:/Users/Iteanz%20Emp/.m2/repository/org/glassfish/jaxb/jaxb-runtime/2.3.2/istack-commons-runtime-3.0.8.jar,file:/C:/Users/Iteanz%20Emp/.m2/repository/org/glassfish/jaxb/jaxb-runtime/2.3.2/stax-ex-1.8.1.jar,file:/C:/Users/Iteanz%20Emp/.m2/repository/org/glassfish/jaxb/jaxb-runtime/2.3.2/FastInfoset-1.2.16.jar,file:/C:/Users/Iteanz%20Emp/.m2/repository/org/glassfish/jaxb/jaxb-runtime/2.3.2/jakarta.activation-api-1.2.1.jar
2020-03-03 13:21:07.390  INFO 12348 --- [restartedMain] .e.DevToolsPropertyDefaultsPostProcessor : Devtools property defaults active! Set 'spring.devtools.add-properties' to 'false' to disable
2020-03-03 13:21:08.134  INFO 12348 --- [restartedMain] .s.d.r.c.RepositoryConfigurationDelegate : Bootstrapping Spring Data JPA repositories in DEFAULT mode.
2020-03-03 13:21:08.263  INFO 12348 --- [restartedMain] .s.d.r.c.RepositoryConfigurationDelegate : Finished Spring Data repository scanning in 113ms. Found 4 JPA repository interfaces.
2020-03-03 13:21:09.071  INFO 12348 --- [restartedMain] o.hibernate.jpa.internal.util.LogHelper  : HHH000204: Processing PersistenceUnitInfo [name: default]
2020-03-03 13:21:09.178  INFO 12348 --- [restartedMain] org.hibernate.Version                    : HHH000412: Hibernate Core {5.4.10.Final}
2020-03-03 13:21:09.380  INFO 12348 --- [restartedMain] o.hibernate.annotations.common.Version   : HCANN000001: Hibernate Commons Annotations {5.1.0.Final}
2020-03-03 13:21:09.533  INFO 12348 --- [restartedMain] com.zaxxer.hikari.HikariDataSource       : HikariPool-1 - Starting...
2020-03-03 13:21:09.535  WARN 12348 --- [restartedMain] com.zaxxer.hikari.util.DriverDataSource  : Registered driver with driverClassName=oracle.jdbc.driver.OracleDriver was not found, trying direct instantiation.
2020-03-03 13:21:09.691  INFO 12348 --- [restartedMain] com.zaxxer.hikari.pool.PoolBase          : HikariPool-1 - Driver does not support get/set network timeout for connections. (oracle.jdbc.driver.T4CConnection.getNetworkTimeout()I)
2020-03-03 13:21:09.701  INFO 12348 --- [restartedMain] com.zaxxer.hikari.HikariDataSource       : HikariPool-1 - Start completed.
2020-03-03 13:21:09.725  INFO 12348 --- [restartedMain] org.hibernate.dialect.Dialect            : HHH000400: Using dialect: org.hibernate.dialect.Oracle10gDialect
2020-03-03 13:21:12.008  INFO 12348 --- [restartedMain] o.h.e.t.j.p.i.JtaPlatformInitiator       : HHH000490: Using JtaPlatform implementation: [org.hibernate.engine.transaction.jta.platform.internal.NoJtaPlatform]
2020-03-03 13:21:12.025  INFO 12348 --- [restartedMain] j.LocalContainerEntityManagerFactoryBean : Initialized JPA EntityManagerFactory for persistence unit 'default'
2020-03-03 13:21:12.085  INFO 12348 --- [restartedMain] o.s.b.d.a.OptionalLiveReloadServer       : LiveReload server is running on port 35729
2020-03-03 13:21:13.044  INFO 12348 --- [restartedMain] o.s.s.c.ThreadPoolTaskScheduler          : Initializing ExecutorService 'taskScheduler'
2020-03-03 13:21:13.114  INFO 12348 --- [restartedMain] c.p.i.SrlXmlGenration27012020Application : Started SrlXmlGenration27012020Application in 6.357 seconds (JVM running for 9.616)
